2023-12-27 17:04:09.460 [background-preinit] [34mINFO [0;39m [36mo.h.validator.internal.util.Version[0;39m - HV000001: Hibernate Validator 8.0.1.Final
2023-12-27 17:04:09.518 [restartedMain] [34mINFO [0;39m [36mc.g.s.s.ShoppingMallProjectApplication[0;39m - Starting ShoppingMallProjectApplication using Java 17.0.8.1 with PID 64494 (/Users/mac/be_shoppingmall/build/classes/java/main started by mac in /Users/mac/be_shoppingmall)
2023-12-27 17:04:09.520 [restartedMain] [34mINFO [0;39m [36mc.g.s.s.ShoppingMallProjectApplication[0;39m - The following 1 profile is active: "prod"
2023-12-27 17:04:09.613 [restartedMain] [34mINFO [0;39m [36mo.s.b.d.e.DevToolsPropertyDefaultsPostProcessor[0;39m - Devtools property defaults active! Set 'spring.devtools.add-properties' to 'false' to disable
2023-12-27 17:04:09.617 [restartedMain] [34mINFO [0;39m [36mo.s.b.d.e.DevToolsPropertyDefaultsPostProcessor[0;39m - For additional web related logging consider setting the 'logging.level.web' property to 'DEBUG'
2023-12-27 17:04:10.908 [restartedMain] [34mINFO [0;39m [36mo.s.d.r.c.RepositoryConfigurationDelegate[0;39m - Multiple Spring Data modules found, entering strict repository configuration mode
2023-12-27 17:04:10.908 [restartedMain] [34mINFO [0;39m [36mo.s.d.r.c.RepositoryConfigurationDelegate[0;39m - Bootstrapping Spring Data JPA repositories in DEFAULT mode.
2023-12-27 17:04:11.013 [restartedMain] [34mINFO [0;39m [36mo.s.d.r.c.RepositoryConfigurationDelegate[0;39m - Finished Spring Data repository scanning in 92 ms. Found 9 JPA repository interfaces.
2023-12-27 17:04:11.485 [restartedMain] [34mINFO [0;39m [36mo.s.d.r.c.RepositoryConfigurationDelegate[0;39m - Multiple Spring Data modules found, entering strict repository configuration mode
2023-12-27 17:04:11.486 [restartedMain] [34mINFO [0;39m [36mo.s.d.r.c.RepositoryConfigurationDelegate[0;39m - Bootstrapping Spring Data JDBC repositories in DEFAULT mode.
2023-12-27 17:04:11.517 [restartedMain] [34mINFO [0;39m [36mo.s.d.r.c.RepositoryConfigurationExtensionSupport[0;39m - Spring Data JDBC - Could not safely identify store assignment for repository candidate interface com.github.shoppingmall.shopping_mall.repository.Cart.CartItemRepository; If you want this repository to be a JDBC repository, consider annotating your entities with one of these annotations: org.springframework.data.relational.core.mapping.Table.
2023-12-27 17:04:11.522 [restartedMain] [34mINFO [0;39m [36mo.s.d.r.c.RepositoryConfigurationExtensionSupport[0;39m - Spring Data JDBC - Could not safely identify store assignment for repository candidate interface com.github.shoppingmall.shopping_mall.repository.Cart.CartRepository; If you want this repository to be a JDBC repository, consider annotating your entities with one of these annotations: org.springframework.data.relational.core.mapping.Table.
2023-12-27 17:04:11.524 [restartedMain] [34mINFO [0;39m [36mo.s.d.r.c.RepositoryConfigurationExtensionSupport[0;39m - Spring Data JDBC - Could not safely identify store assignment for repository candidate interface com.github.shoppingmall.shopping_mall.repository.Item.ItemOptionRepository; If you want this repository to be a JDBC repository, consider annotating your entities with one of these annotations: org.springframework.data.relational.core.mapping.Table.
2023-12-27 17:04:11.524 [restartedMain] [34mINFO [0;39m [36mo.s.d.r.c.RepositoryConfigurationExtensionSupport[0;39m - Spring Data JDBC - Could not safely identify store assignment for repository candidate interface com.github.shoppingmall.shopping_mall.repository.Item.ItemRepository; If you want this repository to be a JDBC repository, consider annotating your entities with one of these annotations: org.springframework.data.relational.core.mapping.Table.
2023-12-27 17:04:11.525 [restartedMain] [34mINFO [0;39m [36mo.s.d.r.c.RepositoryConfigurationExtensionSupport[0;39m - Spring Data JDBC - Could not safely identify store assignment for repository candidate interface com.github.shoppingmall.shopping_mall.repository.Order.OrderDetailRepository; If you want this repository to be a JDBC repository, consider annotating your entities with one of these annotations: org.springframework.data.relational.core.mapping.Table.
2023-12-27 17:04:11.526 [restartedMain] [34mINFO [0;39m [36mo.s.d.r.c.RepositoryConfigurationExtensionSupport[0;39m - Spring Data JDBC - Could not safely identify store assignment for repository candidate interface com.github.shoppingmall.shopping_mall.repository.Order.OrderRepository; If you want this repository to be a JDBC repository, consider annotating your entities with one of these annotations: org.springframework.data.relational.core.mapping.Table.
2023-12-27 17:04:11.526 [restartedMain] [34mINFO [0;39m [36mo.s.d.r.c.RepositoryConfigurationExtensionSupport[0;39m - Spring Data JDBC - Could not safely identify store assignment for repository candidate interface com.github.shoppingmall.shopping_mall.repository.user_roles.RolesRepository; If you want this repository to be a JDBC repository, consider annotating your entities with one of these annotations: org.springframework.data.relational.core.mapping.Table.
2023-12-27 17:04:11.527 [restartedMain] [34mINFO [0;39m [36mo.s.d.r.c.RepositoryConfigurationExtensionSupport[0;39m - Spring Data JDBC - Could not safely identify store assignment for repository candidate interface com.github.shoppingmall.shopping_mall.repository.user_roles.UserRolesRepository; If you want this repository to be a JDBC repository, consider annotating your entities with one of these annotations: org.springframework.data.relational.core.mapping.Table.
2023-12-27 17:04:11.527 [restartedMain] [34mINFO [0;39m [36mo.s.d.r.c.RepositoryConfigurationExtensionSupport[0;39m - Spring Data JDBC - Could not safely identify store assignment for repository candidate interface com.github.shoppingmall.shopping_mall.repository.users.UserRepository; If you want this repository to be a JDBC repository, consider annotating your entities with one of these annotations: org.springframework.data.relational.core.mapping.Table.
2023-12-27 17:04:11.527 [restartedMain] [34mINFO [0;39m [36mo.s.d.r.c.RepositoryConfigurationDelegate[0;39m - Finished Spring Data repository scanning in 41 ms. Found 0 JDBC repository interfaces.
2023-12-27 17:04:12.425 [restartedMain] [34mINFO [0;39m [36mo.s.b.w.e.tomcat.TomcatWebServer[0;39m - Tomcat initialized with port 8080 (http)
2023-12-27 17:04:12.441 [restartedMain] [34mINFO [0;39m [36mo.a.coyote.http11.Http11NioProtocol[0;39m - Initializing ProtocolHandler ["http-nio-8080"]
2023-12-27 17:04:12.444 [restartedMain] [34mINFO [0;39m [36mo.a.catalina.core.StandardService[0;39m - Starting service [Tomcat]
2023-12-27 17:04:12.444 [restartedMain] [34mINFO [0;39m [36mo.a.catalina.core.StandardEngine[0;39m - Starting Servlet engine: [Apache Tomcat/10.1.17]
2023-12-27 17:04:12.508 [restartedMain] [34mINFO [0;39m [36mo.a.c.c.C.[Tomcat].[localhost].[/][0;39m - Initializing Spring embedded WebApplicationContext
2023-12-27 17:04:12.512 [restartedMain] [34mINFO [0;39m [36mo.s.b.w.s.c.ServletWebServerApplicationContext[0;39m - Root WebApplicationContext: initialization completed in 2891 ms
2023-12-27 17:04:12.682 [restartedMain] [34mINFO [0;39m [36mo.h.jpa.internal.util.LogHelper[0;39m - HHH000204: Processing PersistenceUnitInfo [name: default]
2023-12-27 17:04:12.760 [restartedMain] [34mINFO [0;39m [36morg.hibernate.Version[0;39m - HHH000412: Hibernate ORM core version 6.4.1.Final
2023-12-27 17:04:12.807 [restartedMain] [34mINFO [0;39m [36mo.h.c.i.RegionFactoryInitiator[0;39m - HHH000026: Second-level cache disabled
2023-12-27 17:04:13.308 [restartedMain] [34mINFO [0;39m [36mo.s.o.j.p.SpringPersistenceUnitInfo[0;39m - No LoadTimeWeaver setup: ignoring JPA class transformer
2023-12-27 17:04:14.055 [restartedMain] [31mWARN [0;39m [36morg.hibernate.orm.deprecation[0;39m - HHH90000025: MySQL8Dialect does not need to be specified explicitly using 'hibernate.dialect' (remove the property setting and it will be selected by default)
2023-12-27 17:04:14.056 [restartedMain] [31mWARN [0;39m [36morg.hibernate.orm.deprecation[0;39m - HHH90000026: MySQL8Dialect has been deprecated; use org.hibernate.dialect.MySQLDialect instead
2023-12-27 17:04:15.552 [restartedMain] [34mINFO [0;39m [36mo.h.e.t.j.p.i.JtaPlatformInitiator[0;39m - HHH000489: No JTA platform available (set 'hibernate.transaction.jta.platform' to enable JTA platform integration)
2023-12-27 17:04:15.556 [restartedMain] [34mINFO [0;39m [36mo.s.o.j.LocalContainerEntityManagerFactoryBean[0;39m - Initialized JPA EntityManagerFactory for persistence unit 'default'
2023-12-27 17:04:16.040 [restartedMain] [34mINFO [0;39m [36mo.s.d.j.r.query.QueryEnhancerFactory[0;39m - JSqlParser is in classpath; If applicable, JSqlParser will be used
2023-12-27 17:04:16.040 [restartedMain] [34mINFO [0;39m [36mo.s.d.j.r.query.QueryEnhancerFactory[0;39m - Hibernate is in classpath; If applicable, HQL parser will be used.
2023-12-27 17:04:16.891 [restartedMain] [31mWARN [0;39m [36mo.s.b.a.o.j.JpaBaseConfiguration$JpaWebConfiguration[0;39m - spring.jpa.open-in-view is enabled by default. Therefore, database queries may be performed during view rendering. Explicitly configure spring.jpa.open-in-view to disable this warning
2023-12-27 17:04:17.778 [restartedMain] [34mINFO [0;39m [36mo.s.s.web.DefaultSecurityFilterChain[0;39m - Will secure any request with [org.springframework.security.web.session.DisableEncodeUrlFilter@454f163b, org.springframework.security.web.context.request.async.WebAsyncManagerIntegrationFilter@76ebdddf, org.springframework.security.web.context.SecurityContextHolderFilter@206b197c, org.springframework.security.web.header.HeaderWriterFilter@3909ea23, org.springframework.web.filter.CorsFilter@4c43e09c, org.springframework.security.web.authentication.logout.LogoutFilter@b758ce3, com.github.shoppingmall.shopping_mall.web.filters.JwtAuthenticationFilter@72d8bf6f, org.springframework.security.web.savedrequest.RequestCacheAwareFilter@567bb13c, org.springframework.security.web.servletapi.SecurityContextHolderAwareRequestFilter@782a34a8, org.springframework.security.web.authentication.AnonymousAuthenticationFilter@4f1b91c1, org.springframework.security.web.session.SessionManagementFilter@351ddebb, org.springframework.security.web.access.ExceptionTranslationFilter@3251af3d, org.springframework.security.web.access.intercept.FilterSecurityInterceptor@2cea379e]
2023-12-27 17:04:17.990 [restartedMain] [31mWARN [0;39m [36mo.s.b.a.t.ThymeleafAutoConfiguration$DefaultTemplateResolverConfiguration[0;39m - Cannot find template location: classpath:/templates/ (please add some templates, check your Thymeleaf configuration, or set spring.thymeleaf.check-template-location=false)
2023-12-27 17:04:18.397 [restartedMain] [34mINFO [0;39m [36mo.s.b.d.a.OptionalLiveReloadServer[0;39m - LiveReload server is running on port 35729
2023-12-27 17:04:18.420 [restartedMain] [34mINFO [0;39m [36mo.a.coyote.http11.Http11NioProtocol[0;39m - Starting ProtocolHandler ["http-nio-8080"]
2023-12-27 17:04:18.452 [restartedMain] [34mINFO [0;39m [36mo.s.b.w.e.tomcat.TomcatWebServer[0;39m - Tomcat started on port 8080 (http) with context path ''
2023-12-27 17:04:18.467 [restartedMain] [34mINFO [0;39m [36mc.g.s.s.ShoppingMallProjectApplication[0;39m - Started ShoppingMallProjectApplication in 9.666 seconds (process running for 11.151)
2023-12-27 17:20:54.357 [SpringApplicationShutdownHook] [34mINFO [0;39m [36mo.s.o.j.LocalContainerEntityManagerFactoryBean[0;39m - Closing JPA EntityManagerFactory for persistence unit 'default'
2023-12-27 17:21:14.261 [background-preinit] [34mINFO [0;39m [36mo.h.validator.internal.util.Version[0;39m - HV000001: Hibernate Validator 8.0.1.Final
2023-12-27 17:21:14.445 [restartedMain] [34mINFO [0;39m [36mc.g.s.s.ShoppingMallProjectApplication[0;39m - Starting ShoppingMallProjectApplication using Java 17.0.8.1 with PID 65153 (/Users/mac/be_shoppingmall/build/classes/java/main started by mac in /Users/mac/be_shoppingmall)
2023-12-27 17:21:14.447 [restartedMain] [34mINFO [0;39m [36mc.g.s.s.ShoppingMallProjectApplication[0;39m - The following 1 profile is active: "prod"
2023-12-27 17:21:14.643 [restartedMain] [34mINFO [0;39m [36mo.s.b.d.e.DevToolsPropertyDefaultsPostProcessor[0;39m - Devtools property defaults active! Set 'spring.devtools.add-properties' to 'false' to disable
2023-12-27 17:21:14.646 [restartedMain] [34mINFO [0;39m [36mo.s.b.d.e.DevToolsPropertyDefaultsPostProcessor[0;39m - For additional web related logging consider setting the 'logging.level.web' property to 'DEBUG'
2023-12-27 17:21:16.975 [restartedMain] [34mINFO [0;39m [36mo.s.d.r.c.RepositoryConfigurationDelegate[0;39m - Multiple Spring Data modules found, entering strict repository configuration mode
2023-12-27 17:21:16.976 [restartedMain] [34mINFO [0;39m [36mo.s.d.r.c.RepositoryConfigurationDelegate[0;39m - Bootstrapping Spring Data JPA repositories in DEFAULT mode.
2023-12-27 17:21:17.228 [restartedMain] [34mINFO [0;39m [36mo.s.d.r.c.RepositoryConfigurationDelegate[0;39m - Finished Spring Data repository scanning in 234 ms. Found 9 JPA repository interfaces.
2023-12-27 17:21:18.139 [restartedMain] [34mINFO [0;39m [36mo.s.d.r.c.RepositoryConfigurationDelegate[0;39m - Multiple Spring Data modules found, entering strict repository configuration mode
2023-12-27 17:21:18.140 [restartedMain] [34mINFO [0;39m [36mo.s.d.r.c.RepositoryConfigurationDelegate[0;39m - Bootstrapping Spring Data JDBC repositories in DEFAULT mode.
2023-12-27 17:21:18.192 [restartedMain] [34mINFO [0;39m [36mo.s.d.r.c.RepositoryConfigurationExtensionSupport[0;39m - Spring Data JDBC - Could not safely identify store assignment for repository candidate interface com.github.shoppingmall.shopping_mall.repository.Cart.CartItemRepository; If you want this repository to be a JDBC repository, consider annotating your entities with one of these annotations: org.springframework.data.relational.core.mapping.Table.
2023-12-27 17:21:18.193 [restartedMain] [34mINFO [0;39m [36mo.s.d.r.c.RepositoryConfigurationExtensionSupport[0;39m - Spring Data JDBC - Could not safely identify store assignment for repository candidate interface com.github.shoppingmall.shopping_mall.repository.Cart.CartRepository; If you want this repository to be a JDBC repository, consider annotating your entities with one of these annotations: org.springframework.data.relational.core.mapping.Table.
2023-12-27 17:21:18.194 [restartedMain] [34mINFO [0;39m [36mo.s.d.r.c.RepositoryConfigurationExtensionSupport[0;39m - Spring Data JDBC - Could not safely identify store assignment for repository candidate interface com.github.shoppingmall.shopping_mall.repository.Item.ItemOptionRepository; If you want this repository to be a JDBC repository, consider annotating your entities with one of these annotations: org.springframework.data.relational.core.mapping.Table.
2023-12-27 17:21:18.194 [restartedMain] [34mINFO [0;39m [36mo.s.d.r.c.RepositoryConfigurationExtensionSupport[0;39m - Spring Data JDBC - Could not safely identify store assignment for repository candidate interface com.github.shoppingmall.shopping_mall.repository.Item.ItemRepository; If you want this repository to be a JDBC repository, consider annotating your entities with one of these annotations: org.springframework.data.relational.core.mapping.Table.
2023-12-27 17:21:18.195 [restartedMain] [34mINFO [0;39m [36mo.s.d.r.c.RepositoryConfigurationExtensionSupport[0;39m - Spring Data JDBC - Could not safely identify store assignment for repository candidate interface com.github.shoppingmall.shopping_mall.repository.Order.OrderDetailRepository; If you want this repository to be a JDBC repository, consider annotating your entities with one of these annotations: org.springframework.data.relational.core.mapping.Table.
2023-12-27 17:21:18.196 [restartedMain] [34mINFO [0;39m [36mo.s.d.r.c.RepositoryConfigurationExtensionSupport[0;39m - Spring Data JDBC - Could not safely identify store assignment for repository candidate interface com.github.shoppingmall.shopping_mall.repository.Order.OrderRepository; If you want this repository to be a JDBC repository, consider annotating your entities with one of these annotations: org.springframework.data.relational.core.mapping.Table.
2023-12-27 17:21:18.197 [restartedMain] [34mINFO [0;39m [36mo.s.d.r.c.RepositoryConfigurationExtensionSupport[0;39m - Spring Data JDBC - Could not safely identify store assignment for repository candidate interface com.github.shoppingmall.shopping_mall.repository.user_roles.RolesRepository; If you want this repository to be a JDBC repository, consider annotating your entities with one of these annotations: org.springframework.data.relational.core.mapping.Table.
2023-12-27 17:21:18.197 [restartedMain] [34mINFO [0;39m [36mo.s.d.r.c.RepositoryConfigurationExtensionSupport[0;39m - Spring Data JDBC - Could not safely identify store assignment for repository candidate interface com.github.shoppingmall.shopping_mall.repository.user_roles.UserRolesRepository; If you want this repository to be a JDBC repository, consider annotating your entities with one of these annotations: org.springframework.data.relational.core.mapping.Table.
2023-12-27 17:21:18.198 [restartedMain] [34mINFO [0;39m [36mo.s.d.r.c.RepositoryConfigurationExtensionSupport[0;39m - Spring Data JDBC - Could not safely identify store assignment for repository candidate interface com.github.shoppingmall.shopping_mall.repository.users.UserRepository; If you want this repository to be a JDBC repository, consider annotating your entities with one of these annotations: org.springframework.data.relational.core.mapping.Table.
2023-12-27 17:21:18.199 [restartedMain] [34mINFO [0;39m [36mo.s.d.r.c.RepositoryConfigurationDelegate[0;39m - Finished Spring Data repository scanning in 58 ms. Found 0 JDBC repository interfaces.
2023-12-27 17:21:21.051 [restartedMain] [34mINFO [0;39m [36mo.s.b.w.e.tomcat.TomcatWebServer[0;39m - Tomcat initialized with port 8080 (http)
2023-12-27 17:21:21.115 [restartedMain] [34mINFO [0;39m [36mo.a.coyote.http11.Http11NioProtocol[0;39m - Initializing ProtocolHandler ["http-nio-8080"]
2023-12-27 17:21:21.120 [restartedMain] [34mINFO [0;39m [36mo.a.catalina.core.StandardService[0;39m - Starting service [Tomcat]
2023-12-27 17:21:21.121 [restartedMain] [34mINFO [0;39m [36mo.a.catalina.core.StandardEngine[0;39m - Starting Servlet engine: [Apache Tomcat/10.1.17]
2023-12-27 17:21:21.254 [restartedMain] [34mINFO [0;39m [36mo.a.c.c.C.[Tomcat].[localhost].[/][0;39m - Initializing Spring embedded WebApplicationContext
2023-12-27 17:21:21.254 [restartedMain] [34mINFO [0;39m [36mo.s.b.w.s.c.ServletWebServerApplicationContext[0;39m - Root WebApplicationContext: initialization completed in 6607 ms
2023-12-27 17:21:21.756 [restartedMain] [34mINFO [0;39m [36mo.h.jpa.internal.util.LogHelper[0;39m - HHH000204: Processing PersistenceUnitInfo [name: default]
2023-12-27 17:21:22.001 [restartedMain] [34mINFO [0;39m [36morg.hibernate.Version[0;39m - HHH000412: Hibernate ORM core version 6.4.1.Final
2023-12-27 17:21:22.104 [restartedMain] [34mINFO [0;39m [36mo.h.c.i.RegionFactoryInitiator[0;39m - HHH000026: Second-level cache disabled
2023-12-27 17:21:22.818 [restartedMain] [34mINFO [0;39m [36mo.s.o.j.p.SpringPersistenceUnitInfo[0;39m - No LoadTimeWeaver setup: ignoring JPA class transformer
2023-12-27 17:21:23.871 [restartedMain] [31mWARN [0;39m [36morg.hibernate.orm.deprecation[0;39m - HHH90000025: MySQL8Dialect does not need to be specified explicitly using 'hibernate.dialect' (remove the property setting and it will be selected by default)
2023-12-27 17:21:23.872 [restartedMain] [31mWARN [0;39m [36morg.hibernate.orm.deprecation[0;39m - HHH90000026: MySQL8Dialect has been deprecated; use org.hibernate.dialect.MySQLDialect instead
2023-12-27 17:21:25.531 [restartedMain] [34mINFO [0;39m [36mo.h.e.t.j.p.i.JtaPlatformInitiator[0;39m - HHH000489: No JTA platform available (set 'hibernate.transaction.jta.platform' to enable JTA platform integration)
2023-12-27 17:21:25.535 [restartedMain] [34mINFO [0;39m [36mo.s.o.j.LocalContainerEntityManagerFactoryBean[0;39m - Initialized JPA EntityManagerFactory for persistence unit 'default'
2023-12-27 17:21:25.998 [restartedMain] [34mINFO [0;39m [36mo.s.d.j.r.query.QueryEnhancerFactory[0;39m - JSqlParser is in classpath; If applicable, JSqlParser will be used
2023-12-27 17:21:25.999 [restartedMain] [34mINFO [0;39m [36mo.s.d.j.r.query.QueryEnhancerFactory[0;39m - Hibernate is in classpath; If applicable, HQL parser will be used.
2023-12-27 17:21:27.022 [restartedMain] [31mWARN [0;39m [36mo.s.b.a.o.j.JpaBaseConfiguration$JpaWebConfiguration[0;39m - spring.jpa.open-in-view is enabled by default. Therefore, database queries may be performed during view rendering. Explicitly configure spring.jpa.open-in-view to disable this warning
2023-12-27 17:21:27.998 [restartedMain] [34mINFO [0;39m [36mo.s.s.web.DefaultSecurityFilterChain[0;39m - Will secure any request with [org.springframework.security.web.session.DisableEncodeUrlFilter@6b524fe1, org.springframework.security.web.context.request.async.WebAsyncManagerIntegrationFilter@585d4fe2, org.springframework.security.web.context.SecurityContextHolderFilter@977a43, org.springframework.security.web.header.HeaderWriterFilter@44b44d6f, org.springframework.web.filter.CorsFilter@62e0f815, org.springframework.security.web.authentication.logout.LogoutFilter@37710395, com.github.shoppingmall.shopping_mall.web.filters.JwtAuthenticationFilter@536a676a, org.springframework.security.web.savedrequest.RequestCacheAwareFilter@18f20a48, org.springframework.security.web.servletapi.SecurityContextHolderAwareRequestFilter@244d3d9, org.springframework.security.web.authentication.AnonymousAuthenticationFilter@2a3e17a1, org.springframework.security.web.session.SessionManagementFilter@491c447e, org.springframework.security.web.access.ExceptionTranslationFilter@31e58a50, org.springframework.security.web.access.intercept.FilterSecurityInterceptor@70417a6a]
2023-12-27 17:21:28.802 [restartedMain] [31mWARN [0;39m [36mo.s.b.a.t.ThymeleafAutoConfiguration$DefaultTemplateResolverConfiguration[0;39m - Cannot find template location: classpath:/templates/ (please add some templates, check your Thymeleaf configuration, or set spring.thymeleaf.check-template-location=false)
2023-12-27 17:21:29.555 [restartedMain] [34mINFO [0;39m [36mo.s.b.d.a.OptionalLiveReloadServer[0;39m - LiveReload server is running on port 35729
2023-12-27 17:21:29.587 [restartedMain] [34mINFO [0;39m [36mo.a.coyote.http11.Http11NioProtocol[0;39m - Starting ProtocolHandler ["http-nio-8080"]
2023-12-27 17:21:29.628 [restartedMain] [34mINFO [0;39m [36mo.s.b.w.e.tomcat.TomcatWebServer[0;39m - Tomcat started on port 8080 (http) with context path ''
2023-12-27 17:21:29.645 [restartedMain] [34mINFO [0;39m [36mc.g.s.s.ShoppingMallProjectApplication[0;39m - Started ShoppingMallProjectApplication in 16.823 seconds (process running for 18.998)
2023-12-27 17:21:36.303 [SpringApplicationShutdownHook] [34mINFO [0;39m [36mo.s.o.j.LocalContainerEntityManagerFactoryBean[0;39m - Closing JPA EntityManagerFactory for persistence unit 'default'
